[1.086s] Invoking command in '/home/ferfilho/ros2/self_driving_car_ws/src/prius_sdc_pkg': PYTHONPATH=/home/ferfilho/ros2/self_driving_car_ws/build/prius_sdc_pkg/prefix_override:/home/ferfilho/ros2/self_driving_car_ws/install/prius_sdc_pkg/lib/python3.8/site-packages:${PYTHONPATH} /usr/bin/python3 setup.py egg_info --egg-base ../../build/prius_sdc_pkg build --build-base /home/ferfilho/ros2/self_driving_car_ws/build/prius_sdc_pkg/build install --record /home/ferfilho/ros2/self_driving_car_ws/build/prius_sdc_pkg/install.log --install-scripts $base/lib/prius_sdc_pkg --single-version-externally-managed
[1.466s] running egg_info
[1.467s] creating ../../build/prius_sdc_pkg/prius_sdc_pkg.egg-info
[1.467s] writing ../../build/prius_sdc_pkg/prius_sdc_pkg.egg-info/PKG-INFO
[1.467s] writing dependency_links to ../../build/prius_sdc_pkg/prius_sdc_pkg.egg-info/dependency_links.txt
[1.467s] writing entry points to ../../build/prius_sdc_pkg/prius_sdc_pkg.egg-info/entry_points.txt
[1.467s] writing requirements to ../../build/prius_sdc_pkg/prius_sdc_pkg.egg-info/requires.txt
[1.467s] writing top-level names to ../../build/prius_sdc_pkg/prius_sdc_pkg.egg-info/top_level.txt
[1.470s] writing manifest file '../../build/prius_sdc_pkg/prius_sdc_pkg.egg-info/SOURCES.txt'
[1.505s] reading manifest file '../../build/prius_sdc_pkg/prius_sdc_pkg.egg-info/SOURCES.txt'
[1.506s] writing manifest file '../../build/prius_sdc_pkg/prius_sdc_pkg.egg-info/SOURCES.txt'
[1.506s] running build
[1.506s] running build_py
[1.506s] creating /home/ferfilho/ros2/self_driving_car_ws/build/prius_sdc_pkg/build
[1.506s] creating /home/ferfilho/ros2/self_driving_car_ws/build/prius_sdc_pkg/build/lib
[1.506s] creating /home/ferfilho/ros2/self_driving_car_ws/build/prius_sdc_pkg/build/lib/prius_sdc_pkg
[1.507s] copying prius_sdc_pkg/__init__.py -> /home/ferfilho/ros2/self_driving_car_ws/build/prius_sdc_pkg/build/lib/prius_sdc_pkg
[1.507s] running install
[1.507s] running install_lib
[1.509s] creating /home/ferfilho/ros2/self_driving_car_ws/install/prius_sdc_pkg/lib/python3.8/site-packages/prius_sdc_pkg
[1.509s] copying /home/ferfilho/ros2/self_driving_car_ws/build/prius_sdc_pkg/build/lib/prius_sdc_pkg/__init__.py -> /home/ferfilho/ros2/self_driving_car_ws/install/prius_sdc_pkg/lib/python3.8/site-packages/prius_sdc_pkg
[1.510s] byte-compiling /home/ferfilho/ros2/self_driving_car_ws/install/prius_sdc_pkg/lib/python3.8/site-packages/prius_sdc_pkg/__init__.py to __init__.cpython-38.pyc
[1.511s] running install_data
[1.512s] creating /home/ferfilho/ros2/self_driving_car_ws/install/prius_sdc_pkg/share/ament_index
[1.512s] creating /home/ferfilho/ros2/self_driving_car_ws/install/prius_sdc_pkg/share/ament_index/resource_index
[1.513s] creating /home/ferfilho/ros2/self_driving_car_ws/install/prius_sdc_pkg/share/ament_index/resource_index/packages
[1.513s] copying resource/prius_sdc_pkg -> /home/ferfilho/ros2/self_driving_car_ws/install/prius_sdc_pkg/share/ament_index/resource_index/packages
[1.513s] copying package.xml -> /home/ferfilho/ros2/self_driving_car_ws/install/prius_sdc_pkg/share/prius_sdc_pkg
[1.513s] running install_egg_info
[1.515s] Copying ../../build/prius_sdc_pkg/prius_sdc_pkg.egg-info to /home/ferfilho/ros2/self_driving_car_ws/install/prius_sdc_pkg/lib/python3.8/site-packages/prius_sdc_pkg-0.0.0-py3.8.egg-info
[1.515s] running install_scripts
[1.534s] writing list of installed files to '/home/ferfilho/ros2/self_driving_car_ws/build/prius_sdc_pkg/install.log'
[1.560s] Invoked command in '/home/ferfilho/ros2/self_driving_car_ws/src/prius_sdc_pkg' returned '0': PYTHONPATH=/home/ferfilho/ros2/self_driving_car_ws/build/prius_sdc_pkg/prefix_override:/home/ferfilho/ros2/self_driving_car_ws/install/prius_sdc_pkg/lib/python3.8/site-packages:${PYTHONPATH} /usr/bin/python3 setup.py egg_info --egg-base ../../build/prius_sdc_pkg build --build-base /home/ferfilho/ros2/self_driving_car_ws/build/prius_sdc_pkg/build install --record /home/ferfilho/ros2/self_driving_car_ws/build/prius_sdc_pkg/install.log --install-scripts $base/lib/prius_sdc_pkg --single-version-externally-managed
